Flutter crash report.
Please report a bug at https://github.com/flutter/flutter/issues.

## command

flutter test

## exception

PathExistsException: PathExistsException: Cannot copy file to 'C:\Users\Administrator\Desktop\QRSCAN\flutter_app\build\native_assets\windows\sqlite3.dll', path = 'C:\Users\Administrator\Desktop\QRSCAN\flutter_app\.dart_tool\hooks_runner\shared\sqlite3\build\download-5114a42\sqlite3.dll' (OS Error: 当文件已存在时，无法创建该文件。, errno = 183)

```
#0      _checkForErrorResponse (dart:io/common.dart:58:9)
#1      _File.copy.<anonymous closure> (dart:io/file_impl.dart:406:7)
#2      _rootRunUnary (dart:async/zone_root.dart:48:47)
#3      _CustomZone.runUnary (dart:async/zone.dart:733:19)
<asynchronous suspension>
#4      ForwardingFile.copy (package:file/src/forwarding/forwarding_file.dart:29:51)
<asynchronous suspension>
#5      ForwardingFile.copy (package:file/src/forwarding/forwarding_file.dart:29:51)
<asynchronous suspension>
#6      _copyNativeCodeAssetsToBundleOnWindowsLinux (package:flutter_tools/src/isolated/native_assets/native_assets.dart:649:5)
<asynchronous suspension>
#7      _copyNativeCodeAssetsForOS (package:flutter_tools/src/isolated/native_assets/native_assets.dart:463:7)
<asynchronous suspension>
#8      installCodeAssets (package:flutter_tools/src/isolated/native_assets/native_assets.dart:119:3)
<asynchronous suspension>
#9      testCompilerBuildNativeAssets (package:flutter_tools/src/isolated/native_assets/test/native_assets.dart:79:3)
<asynchronous suspension>
#10     TestCommand.runCommand (package:flutter_tools/src/commands/test.dart:484:11)
<asynchronous suspension>
#11     FlutterCommand.run.<anonymous closure> (package:flutter_tools/src/runner/flutter_command.dart:1590:27)
<asynchronous suspension>
#12     AppContext.run.<anonymous closure> (package:flutter_tools/src/base/context.dart:154:19)
<asynchronous suspension>
#13     CommandRunner.runCommand (package:args/command_runner.dart:212:13)
<asynchronous suspension>
#14     FlutterCommandRunner.runCommand.<anonymous closure> (package:flutter_tools/src/runner/flutter_command_runner.dart:496:9)
<asynchronous suspension>
#15     AppContext.run.<anonymous closure> (package:flutter_tools/src/base/context.dart:154:19)
<asynchronous suspension>
#16     FlutterCommandRunner.runCommand (package:flutter_tools/src/runner/flutter_command_runner.dart:431:5)
<asynchronous suspension>
#17     FlutterCommandRunner.run.<anonymous closure> (package:flutter_tools/src/runner/flutter_command_runner.dart:307:33)
<asynchronous suspension>
#18     run.<anonymous closure>.<anonymous closure> (package:flutter_tools/runner.dart:104:11)
<asynchronous suspension>
#19     AppContext.run.<anonymous closure> (package:flutter_tools/src/base/context.dart:154:19)
<asynchronous suspension>
#20     main (package:flutter_tools/executable.dart:103:3)
<asynchronous suspension>
```

## flutter doctor

```
[!] Flutter (Channel stable, 3.41.7, on Microsoft Windows [版本 10.0.22631.6199], locale zh-CN) [448ms]
    • Flutter version 3.41.7 on channel stable at C:\tools\flutter
    ! The flutter binary is not on your path. Consider adding C:\tools\flutter\bin to your path.
    ! The dart binary is not on your path. Consider adding C:\tools\flutter\bin to your path.
    • Upstream repository https://github.com/flutter/flutter.git
    • Framework revision cc0734ac71 (10 days ago), 2026-04-15 21:21:08 -0700
    • Engine revision 59aa584fdf
    • Dart version 3.11.5
    • DevTools version 2.54.2
    • Pub download mirror https://pub.flutter-io.cn
    • Flutter download mirror https://storage.flutter-io.cn
    • Feature flags: enable-web, enable-linux-desktop, enable-macos-desktop, enable-windows-desktop, enable-android, enable-ios, cli-animations, enable-native-assets, omit-legacy-version-file, enable-lldb-debugging, enable-uiscene-migration
    • If those were intentional, you can disregard the above warnings; however it is recommended to use "git" directly to perform update checks and upgrades.

[✓] Windows Version (11 专业版 64-bit, 23H2, 2009) [3.7s]

[✓] Android toolchain - develop for Android devices (Android SDK version 36.1.0) [20.1s]
    • Android SDK at D:\Android\Sdk
    • Emulator version 36.5.11.0 (build_id 15261927) (CL:N/A)
    • Platform android-36.1, build-tools 36.1.0
    • Java binary at: D:\Program Files\Android\Android studio\jbr\bin\java
      This is the JDK bundled with the latest Android Studio installation on this machine.
      To manually set the JDK path, use: `flutter config --jdk-dir="path/to/jdk"`.
    • Java version OpenJDK Runtime Environment (build 21.0.10+-14961533-b1163.108)
    • All Android licenses accepted.

[✓] Chrome - develop for the web [110ms]
    • Chrome at C:\Program Files\Google\Chrome\Application\chrome.exe

[✓] Visual Studio - develop Windows apps (Visual Studio Community 2026 18.4.3) [109ms]
    • Visual Studio at C:\Program Files\Microsoft Visual Studio\18\Community
    • Visual Studio Community 2026 version 18.4.11626.88
    • Windows 10 SDK version 10.0.26100.0

[✓] Connected device (3 available) [2.0s]
    • V2366GA (mobile)  • 192.168.18.102:5555 • android-x64    • Android 12 (API 32)
    • Windows (desktop) • windows             • windows-x64    • Microsoft Windows [版本 10.0.22631.6199]
    • Chrome (web)      • chrome              • web-javascript • Google Chrome 147.0.7727.116

[✓] Network resources [2.5s]
    • All expected network resources are available.

! Doctor found issues in 1 category.
```
